[22/May/2021:16:32:21] (I): WordPress Instance Info:
[22/May/2021:16:32:21] (I): Home URL : https://karibcoffee.com
[22/May/2021:16:32:21] (I): Site URL : https://karibcoffee.com
[22/May/2021:16:32:21] (I): WordPress Version : 5.7.2
[22/May/2021:16:32:21] (I): Onboarding Version : 1.1.12
[22/May/2021:16:32:21] (I): Multisite : No
[22/May/2021:16:32:21] (I): Server Info : Apache
[22/May/2021:16:32:21] (I): PHP Version : 7.4.16
[22/May/2021:16:32:21] (I): HTTPS : Yes
[22/May/2021:16:32:21] (I): PHP Max Execution Time : 30
[22/May/2021:16:32:21] (I): PHP Max Input Vars : 1000
[22/May/2021:16:32:21] (I): Max Upload Size : 10485760
[22/May/2021:16:32:21] (I): Plugins:
[22/May/2021:16:32:21] (I): [PLUGIN] Editor Klasik : v1.6 (Kontributor WordPress)
[22/May/2021:16:32:21] (I): [PLUGIN] Coming Soon Page, Maintenance Mode &amp; Landing Pages by SeedProd : v6.2.1 (SeedProd)
[22/May/2021:16:32:21] (I): [PLUGIN] Elementor : v3.2.3 (Elementor.com)
[22/May/2021:16:32:21] (I): [PLUGIN] Templates Patterns Collection : v1.1.12 (ThemeIsle)
[22/May/2021:16:32:21] (I): [PLUGIN] Orbit Fox Companion : v2.10.4 (Themeisle)
[22/May/2021:16:32:21] (P): Saving remote XML
[22/May/2021:16:32:21] (S): Saved remote XML at path /home/thyg1899/public_html/karibcoffee.com/wp-content/uploads/themeisle-demo-import.xml.
[22/May/2021:16:32:21] (P): Starting content import...
[22/May/2021:16:32:21] (S): Import started.
[22/May/2021:16:32:21] (S): Parsing XML file.
[22/May/2021:16:32:21] (P): Starting parsing file:/home/thyg1899/public_html/karibcoffee.com/wp-content/uploads/themeisle-demo-import.xml
[22/May/2021:16:32:21] (P): Using WXR_Parser_SimpleXML...
[22/May/2021:16:32:21] (S): Parsed XML
[22/May/2021:16:32:21] (P): Processing categories...
[22/May/2021:16:32:21] (S): Processed categories.
[22/May/2021:16:32:21] (P): Processing tags...
[22/May/2021:16:32:21] (S): No tags to process.
[22/May/2021:16:32:21] (P): Processing terms...
[22/May/2021:16:32:21] (S): Processed terms.
[22/May/2021:16:32:21] (P): Processing posts...
[22/May/2021:16:32:21] (P): Processing single menu item ' '...
[22/May/2021:16:32:21] (P): Processing single menu item ' '...
[22/May/2021:16:32:21] (P): Processing attachment: https://s33834.pcdn.co/blogger/wp-content/uploads/sites/370/2019/11/neve-minimal-blogger-01.jpg...
[22/May/2021:16:32:21] (P): Fetching attachment from url: https://s33834.pcdn.co/blogger/wp-content/uploads/sites/370/2019/11/neve-minimal-blogger-01.jpg...
[22/May/2021:16:32:21] (S): Fetched remote attachment.
[22/May/2021:16:32:21] (P): Inserting attachment...
[22/May/2021:16:32:21] (S): Attachment inserted
[22/May/2021:16:32:21] (S): Processed attachment.
[22/May/2021:16:32:21] (P): Processing attachment: https://s33834.pcdn.co/blogger/wp-content/uploads/sites/370/2019/11/neve-minimal-blogger-02.jpg...
[22/May/2021:16:32:21] (P): Fetching attachment from url: https://s33834.pcdn.co/blogger/wp-content/uploads/sites/370/2019/11/neve-minimal-blogger-02.jpg...
[22/May/2021:16:32:21] (S): Fetched remote attachment.
[22/May/2021:16:32:21] (P): Inserting attachment...
[22/May/2021:16:32:21] (S): Attachment inserted
[22/May/2021:16:32:21] (S): Processed attachment.
[22/May/2021:16:32:21] (P): Processing attachment: https://s33834.pcdn.co/blogger/wp-content/uploads/sites/370/2019/11/neve-minimal-blogger-03.jpg...
[22/May/2021:16:32:21] (P): Fetching attachment from url: https://s33834.pcdn.co/blogger/wp-content/uploads/sites/370/2019/11/neve-minimal-blogger-03.jpg...
[22/May/2021:16:32:21] (S): Fetched remote attachment.
[22/May/2021:16:32:21] (P): Inserting attachment...
[22/May/2021:16:32:21] (S): Attachment inserted
[22/May/2021:16:32:21] (S): Processed attachment.
[22/May/2021:16:32:21] (P): Processing attachment: https://s33834.pcdn.co/blogger/wp-content/uploads/sites/370/2019/11/neve-minimal-blogger-04.jpg...
[22/May/2021:16:32:21] (P): Fetching attachment from url: https://s33834.pcdn.co/blogger/wp-content/uploads/sites/370/2019/11/neve-minimal-blogger-04.jpg...
[22/May/2021:16:32:21] (S): Fetched remote attachment.
[22/May/2021:16:32:21] (P): Inserting attachment...
[22/May/2021:16:32:21] (S): Attachment inserted
[22/May/2021:16:32:21] (S): Processed attachment.
[22/May/2021:16:32:21] (P): Processing attachment: https://s33834.pcdn.co/blogger/wp-content/uploads/sites/370/2019/11/neve-minimal-blogger-05.jpg...
[22/May/2021:16:32:21] (P): Fetching attachment from url: https://s33834.pcdn.co/blogger/wp-content/uploads/sites/370/2019/11/neve-minimal-blogger-05.jpg...
[22/May/2021:16:32:21] (S): Fetched remote attachment.
[22/May/2021:16:32:21] (P): Inserting attachment...
[22/May/2021:16:32:21] (S): Attachment inserted
[22/May/2021:16:32:21] (S): Processed attachment.
[22/May/2021:16:32:21] (P): Processing attachment: https://s33834.pcdn.co/blogger/wp-content/uploads/sites/370/2019/11/neve-minimal-blogger-06.jpg...
[22/May/2021:16:32:21] (P): Fetching attachment from url: https://s33834.pcdn.co/blogger/wp-content/uploads/sites/370/2019/11/neve-minimal-blogger-06.jpg...
[22/May/2021:16:32:21] (S): Fetched remote attachment.
[22/May/2021:16:32:21] (P): Inserting attachment...
[22/May/2021:16:32:21] (S): Attachment inserted
[22/May/2021:16:32:21] (S): Processed attachment.
[22/May/2021:16:32:21] (P): Processing attachment: https://s33834.pcdn.co/blogger/wp-content/uploads/sites/370/2019/11/neve-minimal-blogger-07.jpg...
[22/May/2021:16:32:21] (P): Fetching attachment from url: https://s33834.pcdn.co/blogger/wp-content/uploads/sites/370/2019/11/neve-minimal-blogger-07.jpg...
[22/May/2021:16:32:22] (S): Fetched remote attachment.
[22/May/2021:16:32:22] (P): Inserting attachment...
[22/May/2021:16:32:22] (S): Attachment inserted
[22/May/2021:16:32:22] (S): Processed attachment.
[22/May/2021:16:32:22] (P): Processing attachment: https://s33834.pcdn.co/blogger/wp-content/uploads/sites/370/2019/11/neve-minimal-blogger-08.jpg...
[22/May/2021:16:32:22] (P): Fetching attachment from url: https://s33834.pcdn.co/blogger/wp-content/uploads/sites/370/2019/11/neve-minimal-blogger-08.jpg...
[22/May/2021:16:32:22] (S): Fetched remote attachment.
[22/May/2021:16:32:22] (P): Inserting attachment...
[22/May/2021:16:32:22] (S): Attachment inserted
[22/May/2021:16:32:22] (S): Processed attachment.
[22/May/2021:16:32:22] (P): Processing attachment: https://s33834.pcdn.co/blogger/wp-content/uploads/sites/370/2019/11/neve-minimal-blogger-09.jpg...
[22/May/2021:16:32:22] (P): Fetching attachment from url: https://s33834.pcdn.co/blogger/wp-content/uploads/sites/370/2019/11/neve-minimal-blogger-09.jpg...
[22/May/2021:16:32:22] (S): Fetched remote attachment.
[22/May/2021:16:32:22] (P): Inserting attachment...
[22/May/2021:16:32:22] (S): Attachment inserted
[22/May/2021:16:32:22] (S): Processed attachment.
[22/May/2021:16:32:22] (P): Processing attachment: https://s33834.pcdn.co/blogger/wp-content/uploads/sites/370/2019/11/neve-minimal-blogger-10.jpg...
[22/May/2021:16:32:22] (P): Fetching attachment from url: https://s33834.pcdn.co/blogger/wp-content/uploads/sites/370/2019/11/neve-minimal-blogger-10.jpg...
[22/May/2021:16:32:22] (S): Fetched remote attachment.
[22/May/2021:16:32:22] (P): Inserting attachment...
[22/May/2021:16:32:22] (S): Attachment inserted
[22/May/2021:16:32:22] (S): Processed attachment.
[22/May/2021:16:32:22] (P): Processing attachment: https://s33834.pcdn.co/blogger/wp-content/uploads/sites/370/2019/11/neve-minimal-blogger-11.jpg...
[22/May/2021:16:32:22] (P): Fetching attachment from url: https://s33834.pcdn.co/blogger/wp-content/uploads/sites/370/2019/11/neve-minimal-blogger-11.jpg...
[22/May/2021:16:32:22] (S): Fetched remote attachment.
[22/May/2021:16:32:22] (P): Inserting attachment...
[22/May/2021:16:32:22] (S): Attachment inserted
[22/May/2021:16:32:22] (S): Processed attachment.
[22/May/2021:16:32:22] (P): Processing single menu item ' '...
[22/May/2021:16:32:22] (P): Processing single menu item ' '...
[22/May/2021:16:32:22] (P): Processing single menu item ' '...
[22/May/2021:16:32:22] (P): Processing single menu item ' '...
[22/May/2021:16:32:22] (P): Processing attachment: https://s33834.pcdn.co/blogger/wp-content/uploads/sites/370/2019/11/neve-minimal-blogger-12.png...
[22/May/2021:16:32:22] (P): Fetching attachment from url: https://s33834.pcdn.co/blogger/wp-content/uploads/sites/370/2019/11/neve-minimal-blogger-12.png...
[22/May/2021:16:32:22] (S): Fetched remote attachment.
[22/May/2021:16:32:22] (P): Inserting attachment...
[22/May/2021:16:32:22] (S): Attachment inserted
[22/May/2021:16:32:22] (S): Processed attachment.
[22/May/2021:16:32:22] (P): Processing single menu item ' '...
[22/May/2021:16:32:22] (P): Inserting page: News .
[22/May/2021:16:32:22] (S): Done inserting page: News .
[22/May/2021:16:32:22] (P): Inserting page: Home .
[22/May/2021:16:32:22] (S): Done inserting page: Home .
[22/May/2021:16:32:22] (P): Filtering elementor meta...
[22/May/2021:16:32:22] (S): Filtered elementor meta.
[22/May/2021:16:32:22] (P): Inserting page: About .
[22/May/2021:16:32:22] (S): Done inserting page: About .
[22/May/2021:16:32:22] (P): Filtering elementor meta...
[22/May/2021:16:32:22] (S): Filtered elementor meta.
[22/May/2021:16:32:22] (P): Inserting page: Contact .
[22/May/2021:16:32:22] (S): Done inserting page: Contact .
[22/May/2021:16:32:22] (P): Filtering elementor meta...
[22/May/2021:16:32:22] (S): Filtered elementor meta.
[22/May/2021:16:32:22] (P): Processing single menu item ' '...
[22/May/2021:16:32:22] (S): Processed single menu item.
[22/May/2021:16:32:22] (S): Processed posts.
[22/May/2021:16:32:22] (P): Processing single menu item ' '...
[22/May/2021:16:32:22] (S): Processed single menu item.
[22/May/2021:16:32:22] (P): Processing single menu item ' '...
[22/May/2021:16:32:22] (S): Processed single menu item.
[22/May/2021:16:32:22] (P): Processing single menu item ' '...
[22/May/2021:16:32:22] (S): Processed single menu item.
[22/May/2021:16:32:22] (P): Processing single menu item ' '...
[22/May/2021:16:32:22] (S): Processed single menu item.
[22/May/2021:16:32:22] (P): Processing single menu item ' '...
[22/May/2021:16:32:22] (S): Processed single menu item.
[22/May/2021:16:32:22] (P): Processing single menu item ' '...
[22/May/2021:16:32:22] (S): Processed single menu item.
[22/May/2021:16:32:22] (P): Processing single menu item ' '...
[22/May/2021:16:32:22] (S): Processed single menu item.
[22/May/2021:16:32:22] (P): Cleaning up import with id ...
[22/May/2021:16:32:22] (P): Done cleanup. Flushing cache...
[22/May/2021:16:32:22] (P): Flushed cache. Removing temporary data..
[22/May/2021:16:32:22] (S): Done importing
[22/May/2021:16:32:22] (P): Busting elementor cache
[22/May/2021:16:32:22] (S): Front page set up with id: 6.
